C:\Program Files (x86)\Microsoft Visual Studio\2017\Community\Common7\IDE\VC\VCTargets\Microsoft.CppBuild.targets(391,5): warning MSB8028: The intermediate directory (Debug\) contains files shared from another project (0822_2.vcxproj).  This can lead to incorrect clean and rebuild behavior.
  engine.cpp
c:\users\stl\source\repos\cppstudy\0822_2\engine.cpp(7): error C3861: 'InitEnemy': identifier not found
c:\users\stl\source\repos\cppstudy\0822_2\engine.cpp(8): error C3861: 'InitPlayer': identifier not found
c:\users\stl\source\repos\cppstudy\0822_2\engine.cpp(9): error C3861: 'InitMap': identifier not found
c:\users\stl\source\repos\cppstudy\0822_2\engine.cpp(13): warning C4996: 'getch': The POSIX name for this item is deprecated. Instead, use the ISO C and C++ conformant name: _getch. See online help for details.
  c:\program files (x86)\windows kits\10\include\10.0.17763.0\ucrt\conio.h(453): note: see declaration of 'getch'
c:\users\stl\source\repos\cppstudy\0822_2\engine.cpp(25): error C3861: 'PlayerMove': identifier not found
c:\users\stl\source\repos\cppstudy\0822_2\engine.cpp(26): error C2065: 'enemyX': undeclared identifier
c:\users\stl\source\repos\cppstudy\0822_2\engine.cpp(26): error C2065: 'enemyY': undeclared identifier
c:\users\stl\source\repos\cppstudy\0822_2\engine.cpp(26): error C3861: 'MonsterMove': identifier not found
c:\users\stl\source\repos\cppstudy\0822_2\engine.cpp(33): error C3861: 'printf': identifier not found
c:\users\stl\source\repos\cppstudy\0822_2\engine.cpp(38): error C2065: 'map': undeclared identifier
c:\users\stl\source\repos\cppstudy\0822_2\engine.cpp(39): error C3861: 'printf': identifier not found
c:\users\stl\source\repos\cppstudy\0822_2\engine.cpp(40): error C2065: 'MapTile': undeclared identifier
c:\users\stl\source\repos\cppstudy\0822_2\engine.cpp(40): error C3861: 'printf': identifier not found
c:\users\stl\source\repos\cppstudy\0822_2\engine.cpp(41): error C3861: 'printf': identifier not found
c:\users\stl\source\repos\cppstudy\0822_2\engine.cpp(43): error C3861: 'printf': identifier not found
  main.cpp
c:\users\stl\source\repos\cppstudy\0822_2\main.cpp(6): error C3861: 'Initialize': identifier not found
c:\users\stl\source\repos\cppstudy\0822_2\main.cpp(7): error C2065: 'bIsRunning': undeclared identifier
c:\users\stl\source\repos\cppstudy\0822_2\main.cpp(8): error C3861: 'Tick': identifier not found
  map.cpp
c:\users\stl\source\repos\cppstudy\0822_2\map.cpp(26): error C2065: 'enemyY': undeclared identifier
c:\users\stl\source\repos\cppstudy\0822_2\map.cpp(26): error C2065: 'enemyX': undeclared identifier
c:\users\stl\source\repos\cppstudy\0822_2\map.cpp(27): error C2065: 'playerY': undeclared identifier
c:\users\stl\source\repos\cppstudy\0822_2\map.cpp(27): error C2065: 'playerX': undeclared identifier
  monster.cpp
c:\users\stl\source\repos\cppstudy\0822_2\monster.cpp(6): warning C4244: 'argument': conversion from 'time_t' to 'unsigned int', possible loss of data
c:\users\stl\source\repos\cppstudy\0822_2\monster.cpp(21): error C2065: 'map': undeclared identifier
c:\users\stl\source\repos\cppstudy\0822_2\monster.cpp(26): error C2065: 'map': undeclared identifier
c:\users\stl\source\repos\cppstudy\0822_2\monster.cpp(27): error C2065: 'map': undeclared identifier
  player.cpp
c:\users\stl\source\repos\cppstudy\0822_2\player.cpp(15): error C2065: 'keycode': undeclared identifier
c:\users\stl\source\repos\cppstudy\0822_2\player.cpp(16): error C2065: 'keycode': undeclared identifier
c:\users\stl\source\repos\cppstudy\0822_2\player.cpp(17): error C2065: 'keycode': undeclared identifier
c:\users\stl\source\repos\cppstudy\0822_2\player.cpp(18): error C2065: 'keycode': undeclared identifier
c:\users\stl\source\repos\cppstudy\0822_2\player.cpp(21): error C2065: 'map': undeclared identifier
c:\users\stl\source\repos\cppstudy\0822_2\player.cpp(22): error C3861: 'Goal': identifier not found
c:\users\stl\source\repos\cppstudy\0822_2\player.cpp(25): error C2065: 'map': undeclared identifier
c:\users\stl\source\repos\cppstudy\0822_2\player.cpp(26): error C2065: 'bIsRunning': undeclared identifier
c:\users\stl\source\repos\cppstudy\0822_2\player.cpp(28): error C2065: 'map': undeclared identifier
c:\users\stl\source\repos\cppstudy\0822_2\player.cpp(34): error C2065: 'map': undeclared identifier
c:\users\stl\source\repos\cppstudy\0822_2\player.cpp(35): error C2065: 'map': undeclared identifier
  Generating Code...
